  [1m[35m (108.2ms)[0m  [1m[35mCREATE TABLE "schema_migrations" ("version" character varying NOT NULL PRIMARY KEY)[0m
  [1m[35m (9.1ms)[0m  [1m[35mCREATE TABLE "ar_internal_metadata" ("key" character varying NOT NULL PRIMARY KEY, "value" character varying, "created_at" timestamp NOT NULL, "updated_at" timestamp NOT NULL)[0m
  [1m[35m (1.9ms)[0m  [1m[34mSELECT pg_try_advisory_lock(8540925270432844170)[0m
  [1m[35m (1.7ms)[0m  [1m[34mSELECT "schema_migrations"."version" FROM "schema_migrations" ORDER BY "schema_migrations"."version" ASC[0m
  [1m[36mActiveRecord::InternalMetadata Load (1.3ms)[0m  [1m[34mSELECT  "ar_internal_metadata".* FROM "ar_internal_metadata" WHERE "ar_internal_metadata"."key" = $1 LIMIT $2[0m  [["key", "environment"], ["LIMIT", 1]]
  [1m[35m (0.3ms)[0m  [1m[35mBEGIN[0m
  [1m[35mSQL (5.8ms)[0m  [1m[32mINSERT INTO "ar_internal_metadata" ("key", "value", "created_at", "updated_at") VALUES ($1, $2, $3, $4) RETURNING "key"[0m  [["key", "environment"], ["value", "development"], ["created_at", "2018-01-29 23:42:50.686014"], ["updated_at", "2018-01-29 23:42:50.686014"]]
  [1m[35m (0.6ms)[0m  [1m[35mCOMMIT[0m
  [1m[35m (0.5ms)[0m  [1m[34mSELECT pg_advisory_unlock(8540925270432844170)[0m
  [1m[35m (0.4ms)[0m  [1m[34mSELECT "schema_migrations"."version" FROM "schema_migrations" ORDER BY "schema_migrations"."version" ASC[0m
  [1m[35m (22.4ms)[0m  [1m[35mCREATE TABLE "schema_migrations" ("version" character varying NOT NULL PRIMARY KEY)[0m
  [1m[35m (4.4ms)[0m  [1m[35mCREATE TABLE "ar_internal_metadata" ("key" character varying NOT NULL PRIMARY KEY, "value" character varying, "created_at" timestamp NOT NULL, "updated_at" timestamp NOT NULL)[0m
  [1m[35m (0.8ms)[0m  [1m[34mSELECT pg_try_advisory_lock(8540925270432844170)[0m
  [1m[35m (1.1ms)[0m  [1m[34mSELECT "schema_migrations"."version" FROM "schema_migrations" ORDER BY "schema_migrations"."version" ASC[0m
Migrating to CreateOrganizations (20180313014753)
  [1m[35m (0.3ms)[0m  [1m[35mBEGIN[0m
  [1m[35m (10.1ms)[0m  [1m[35mCREATE TABLE "organizations" ("id" bigserial primary key, "name" character varying, "email" character varying, "state" character varying, "city" character varying, "address" character varying, "created_at" timestamp NOT NULL, "updated_at" timestamp NOT NULL)[0m
  [1m[35mSQL (1.6ms)[0m  [1m[32mINSERT INTO "schema_migrations" ("version") VALUES ($1) RETURNING "version"[0m  [["version", "20180313014753"]]
  [1m[35m (0.7ms)[0m  [1m[35mCOMMIT[0m
Migrating to CreateIndividuals (20180313014838)
  [1m[35m (0.5ms)[0m  [1m[35mBEGIN[0m
  [1m[35m (4.4ms)[0m  [1m[35mCREATE TABLE "individuals" ("id" bigserial primary key, "first_name" character varying, "last_name" character varying, "email" character varying, "created_at" timestamp NOT NULL, "updated_at" timestamp NOT NULL)[0m
  [1m[35mSQL (0.4ms)[0m  [1m[32mINSERT INTO "schema_migrations" ("version") VALUES ($1) RETURNING "version"[0m  [["version", "20180313014838"]]
  [1m[35m (0.6ms)[0m  [1m[35mCOMMIT[0m
  [1m[36mActiveRecord::InternalMetadata Load (0.4ms)[0m  [1m[34mSELECT  "ar_internal_metadata".* FROM "ar_internal_metadata" WHERE "ar_internal_metadata"."key" = $1 LIMIT $2[0m  [["key", "environment"], ["LIMIT", 1]]
  [1m[35m (0.2ms)[0m  [1m[35mBEGIN[0m
  [1m[35mSQL (1.1ms)[0m  [1m[32mINSERT INTO "ar_internal_metadata" ("key", "value", "created_at", "updated_at") VALUES ($1, $2, $3, $4) RETURNING "key"[0m  [["key", "environment"], ["value", "development"], ["created_at", "2018-03-13 01:52:29.349004"], ["updated_at", "2018-03-13 01:52:29.349004"]]
  [1m[35m (0.4ms)[0m  [1m[35mCOMMIT[0m
  [1m[35m (0.3ms)[0m  [1m[34mSELECT pg_advisory_unlock(8540925270432844170)[0m
  [1m[35m (0.3ms)[0m  [1m[34mSELECT "schema_migrations"."version" FROM "schema_migrations" ORDER BY "schema_migrations"."version" ASC[0m
  [1m[35m (0.3ms)[0m  [1m[34mSELECT pg_try_advisory_lock(8540925270432844170)[0m
  [1m[35m (1.0ms)[0m  [1m[34mSELECT "schema_migrations"."version" FROM "schema_migrations" ORDER BY "schema_migrations"."version" ASC[0m
Migrating to AddIndividualToOrganization (20180313020048)
  [1m[35m (0.2ms)[0m  [1m[35mBEGIN[0m
  [1m[35m (3.0ms)[0m  [1m[35mALTER TABLE "individuals" ADD "organization_id" bigint[0m
  [1m[35m (2.2ms)[0m  [1m[35mCREATE  INDEX  "index_individuals_on_organization_id" ON "individuals"  ("organization_id")[0m
  [1m[35mSQL (0.4ms)[0m  [1m[32mINSERT INTO "schema_migrations" ("version") VALUES ($1) RETURNING "version"[0m  [["version", "20180313020048"]]
  [1m[35m (0.5ms)[0m  [1m[35mCOMMIT[0m
  [1m[36mActiveRecord::InternalMetadata Load (1.2ms)[0m  [1m[34mSELECT  "ar_internal_metadata".* FROM "ar_internal_metadata" WHERE "ar_internal_metadata"."key" = $1 LIMIT $2[0m  [["key", "environment"], ["LIMIT", 1]]
  [1m[35m (0.2ms)[0m  [1m[35mBEGIN[0m
  [1m[35m (0.1ms)[0m  [1m[35mCOMMIT[0m
  [1m[35m (0.2ms)[0m  [1m[34mSELECT pg_advisory_unlock(8540925270432844170)[0m
  [1m[35m (0.5ms)[0m  [1m[34mSELECT "schema_migrations"."version" FROM "schema_migrations" ORDER BY "schema_migrations"."version" ASC[0m
  [1m[35m (0.4ms)[0m  [1m[34mSELECT pg_try_advisory_lock(8540925270432844170)[0m
  [1m[35m (0.8ms)[0m  [1m[34mSELECT "schema_migrations"."version" FROM "schema_migrations" ORDER BY "schema_migrations"."version" ASC[0m
  [1m[36mActiveRecord::InternalMetadata Load (0.4ms)[0m  [1m[34mSELECT  "ar_internal_metadata".* FROM "ar_internal_metadata" WHERE "ar_internal_metadata"."key" = $1 LIMIT $2[0m  [["key", "environment"], ["LIMIT", 1]]
  [1m[35m (0.3ms)[0m  [1m[35mBEGIN[0m
  [1m[35m (0.1ms)[0m  [1m[35mCOMMIT[0m
  [1m[35m (0.3ms)[0m  [1m[34mSELECT pg_advisory_unlock(8540925270432844170)[0m
  [1m[35m (0.3ms)[0m  [1m[34mSELECT "schema_migrations"."version" FROM "schema_migrations" ORDER BY "schema_migrations"."version" ASC[0m
  [1m[35m (0.3ms)[0m  [1m[34mSELECT pg_try_advisory_lock(8540925270432844170)[0m
  [1m[35m (0.9ms)[0m  [1m[34mSELECT "schema_migrations"."version" FROM "schema_migrations" ORDER BY "schema_migrations"."version" ASC[0m
Migrating to AddFkToIndividuals (20180313133018)
  [1m[35m (0.2ms)[0m  [1m[35mBEGIN[0m
  [1m[35m (11.7ms)[0m  [1m[35mALTER TABLE "individuals" ADD CONSTRAINT "fk_rails_f014ac2295"
FOREIGN KEY ("organization_id")
  REFERENCES "organizations" ("id")
[0m
  [1m[35mSQL (0.4ms)[0m  [1m[32mINSERT INTO "schema_migrations" ("version") VALUES ($1) RETURNING "version"[0m  [["version", "20180313133018"]]
  [1m[35m (0.6ms)[0m  [1m[35mCOMMIT[0m
  [1m[36mActiveRecord::InternalMetadata Load (0.6ms)[0m  [1m[34mSELECT  "ar_internal_metadata".* FROM "ar_internal_metadata" WHERE "ar_internal_metadata"."key" = $1 LIMIT $2[0m  [["key", "environment"], ["LIMIT", 1]]
  [1m[35m (0.1ms)[0m  [1m[35mBEGIN[0m
  [1m[35m (0.2ms)[0m  [1m[35mCOMMIT[0m
  [1m[35m (0.3ms)[0m  [1m[34mSELECT pg_advisory_unlock(8540925270432844170)[0m
  [1m[35m (0.3ms)[0m  [1m[34mSELECT "schema_migrations"."version" FROM "schema_migrations" ORDER BY "schema_migrations"."version" ASC[0m
  [1m[35m (0.4ms)[0m  [1m[35mBEGIN[0m
  [1m[35mSQL (7.0ms)[0m  [1m[32mINSERT INTO "individuals" ("first_name", "last_name", "created_at", "updated_at") VALUES ($1, $2, $3, $4) RETURNING "id"[0m  [["first_name", "test"], ["last_name", "testington"], ["created_at", "2018-03-13 13:40:22.353422"], ["updated_at", "2018-03-13 13:40:22.353422"]]
  [1m[35m (0.5ms)[0m  [1m[35mCOMMIT[0m
  [1m[35mSQL (6.9ms)[0m  [1m[33mUPDATE "individuals" SET "email" = 'test@test.com' WHERE "individuals"."id" = $1[0m  [["id", 1]]
Started GET "/" for 127.0.0.1 at 2018-03-13 09:59:00 -0400
  [1m[35m (1.1ms)[0m  [1m[34mSELECT "schema_migrations"."version" FROM "schema_migrations" ORDER BY "schema_migrations"."version" ASC[0m
Processing by Rails::WelcomeController#index as HTML
  Rendering /Users/jamesorcutt/.rvm/gems/ruby-2.5.0@porders/gems/railties-5.1.4/lib/rails/templates/rails/welcome/index.html.erb
  Rendered /Users/jamesorcutt/.rvm/gems/ruby-2.5.0@porders/gems/railties-5.1.4/lib/rails/templates/rails/welcome/index.html.erb (2.8ms)
Completed 200 OK in 22ms (Views: 9.2ms | ActiveRecord: 0.0ms)


Started GET "/" for 127.0.0.1 at 2018-03-13 09:59:04 -0400
Processing by Rails::WelcomeController#index as HTML
  Rendering /Users/jamesorcutt/.rvm/gems/ruby-2.5.0@porders/gems/railties-5.1.4/lib/rails/templates/rails/welcome/index.html.erb
  Rendered /Users/jamesorcutt/.rvm/gems/ruby-2.5.0@porders/gems/railties-5.1.4/lib/rails/templates/rails/welcome/index.html.erb (2.1ms)
Completed 200 OK in 9ms (Views: 5.1ms | ActiveRecord: 0.0ms)


Started GET "/individuals" for 127.0.0.1 at 2018-03-13 09:59:08 -0400
Processing by IndividualsController#index as HTML
  Rendering individuals/index.html.erb within layouts/application
  [1m[36mIndividual Load (1.0ms)[0m  [1m[34mSELECT "individuals".* FROM "individuals"[0m
  Rendered individuals/index.html.erb within layouts/application (35.7ms)
Completed 200 OK in 4615ms (Views: 4592.8ms | ActiveRecord: 17.8ms)


Started GET "/individuals/1/edit" for 127.0.0.1 at 2018-03-13 09:59:22 -0400
Processing by IndividualsController#edit as HTML
  Parameters: {"id"=>"1"}
  [1m[36mIndividual Load (0.4ms)[0m  [1m[34mSELECT  "individuals".* FROM "individuals" WHERE "individuals"."id" = $1 LIMIT $2[0m  [["id", 1], ["LIMIT", 1]]
  Rendering individuals/edit.html.erb within layouts/application
  Rendered individuals/_form.html.erb (16.4ms)
  Rendered individuals/edit.html.erb within layouts/application (19.6ms)
Completed 200 OK in 72ms (Views: 58.2ms | ActiveRecord: 0.8ms)


Started GET "/individuals" for 127.0.0.1 at 2018-03-13 09:59:27 -0400
Processing by IndividualsController#index as HTML
  Rendering individuals/index.html.erb within layouts/application
  [1m[36mIndividual Load (0.9ms)[0m  [1m[34mSELECT "individuals".* FROM "individuals"[0m
  Rendered individuals/index.html.erb within layouts/application (3.2ms)
Completed 200 OK in 47ms (Views: 43.4ms | ActiveRecord: 0.9ms)


Started GET "/organizations" for 127.0.0.1 at 2018-03-13 09:59:33 -0400
Processing by OrganizationsController#index as HTML
  Rendering organizations/index.html.erb within layouts/application
  [1m[36mOrganization Load (0.6ms)[0m  [1m[34mSELECT "organizations".* FROM "organizations"[0m
  Rendered organizations/index.html.erb within layouts/application (5.0ms)
Completed 200 OK in 55ms (Views: 46.5ms | ActiveRecord: 2.8ms)


Started GET "/organizations/new" for 127.0.0.1 at 2018-03-13 09:59:35 -0400
Processing by OrganizationsController#new as HTML
  Rendering organizations/new.html.erb within layouts/application
  Rendered organizations/_form.html.erb (3.6ms)
  Rendered organizations/new.html.erb within layouts/application (6.8ms)
Completed 200 OK in 88ms (Views: 66.1ms | ActiveRecord: 5.9ms)


Started POST "/organizations" for 127.0.0.1 at 2018-03-13 09:59:48 -0400
Processing by OrganizationsController#create as HTML
  Parameters: {"utf8"=>"✓", "authenticity_token"=>"P4GzZQink71vqFQif4pDLmMnJPs3XhnnVb2bqWfJ754fhpEXetmkITRxCP0576Q09542d4kH7qP0nFXuZx6mYg==", "organization"=>{"name"=>"org1", "email"=>"org1@test.com", "state"=>"AL", "city"=>"Huntsville", "address"=>"123 Street St"}, "commit"=>"Create Organization"}
  [1m[35m (0.2ms)[0m  [1m[35mBEGIN[0m
  [1m[35mSQL (1.2ms)[0m  [1m[32mINSERT INTO "organizations" ("name", "email", "state", "city", "address", "created_at", "updated_at") VALUES ($1, $2, $3, $4, $5, $6, $7) RETURNING "id"[0m  [["name", "org1"], ["email", "org1@test.com"], ["state", "AL"], ["city", "Huntsville"], ["address", "123 Street St"], ["created_at", "2018-03-13 13:59:48.738377"], ["updated_at", "2018-03-13 13:59:48.738377"]]
  [1m[35m (0.5ms)[0m  [1m[35mCOMMIT[0m
Redirected to http://localhost:3000/organizations/1
Completed 302 Found in 6ms (ActiveRecord: 1.9ms)


Started GET "/organizations/1" for 127.0.0.1 at 2018-03-13 09:59:48 -0400
Processing by OrganizationsController#show as HTML
  Parameters: {"id"=>"1"}
  [1m[36mOrganization Load (0.5ms)[0m  [1m[34mSELECT  "organizations".* FROM "organizations" WHERE "organizations"."id" = $1 LIMIT $2[0m  [["id", 1], ["LIMIT", 1]]
  Rendering organizations/show.html.erb within layouts/application
  Rendered organizations/show.html.erb within layouts/application (0.9ms)
Completed 200 OK in 51ms (Views: 45.6ms | ActiveRecord: 0.8ms)


Started GET "/organizations" for 127.0.0.1 at 2018-03-13 09:59:51 -0400
Processing by OrganizationsController#index as HTML
  Rendering organizations/index.html.erb within layouts/application
  [1m[36mOrganization Load (0.4ms)[0m  [1m[34mSELECT "organizations".* FROM "organizations"[0m
  Rendered organizations/index.html.erb within layouts/application (2.6ms)
Completed 200 OK in 49ms (Views: 46.1ms | ActiveRecord: 0.4ms)


